<?xml version="1.0" encoding="UTF-8" ?>
<testsuites disabled="0" errors="0" failures="1" tests="2" time="7.663">
 <testsuite name="demo calculator tests" timestamp="2019-09-23T15:13:20" hostname="localhost" time="7.663" errors="0" tests="2" skipped="0" disabled="0" failures="1">
  <testcase classname="demo calculator tests" name="addition test" time="7.181" />
  <testcase classname="demo calculator tests" name="subtraction test" time="0.475">
   <failure type="exception" message="Failed: homepage.clickGo1 is not a function"><![CDATA[TypeError: homepage.clickGo1 is not a function
    at UserContext.<anonymous> (C:\Users\raghavendc\Desktop\Projects\ProtractorDemo\tests\calculator.js:35:18)
    at C:\Users\raghavendc\AppData\Roaming\npm\node_modules\protractor\node_modules\jasminewd2\index.js:112:25
    at new ManagedPromise (C:\Users\raghavendc\AppData\Roaming\npm\node_modules\protractor\node_modules\selenium-webdriver\lib\promise.js:1077:7)
    at ControlFlow.promise (C:\Users\raghavendc\AppData\Roaming\npm\node_modules\protractor\node_modules\selenium-webdriver\lib\promise.js:2505:12)
    at schedulerExecute (C:\Users\raghavendc\AppData\Roaming\npm\node_modules\protractor\node_modules\jasminewd2\index.js:95:18)
    at TaskQueue.execute_ (C:\Users\raghavendc\AppData\Roaming\npm\node_modules\protractor\node_modules\selenium-webdriver\lib\promise.js:3084:14)
    at TaskQueue.executeNext_ (C:\Users\raghavendc\AppData\Roaming\npm\node_modules\protractor\node_modules\selenium-webdriver\lib\promise.js:3067:27)
    at asyncRun (C:\Users\raghavendc\AppData\Roaming\npm\node_modules\protractor\node_modules\selenium-webdriver\lib\promise.js:2927:27)
    at C:\Users\raghavendc\AppData\Roaming\npm\node_modules\protractor\node_modules\selenium-webdriver\lib\promise.js:668:7
    at process._tickCallback (internal/process/next_tick.js:68:7)
From: Task: Run it("subtraction test") in control flow
    at UserContext.<anonymous> (C:\Users\raghavendc\AppData\Roaming\npm\node_modules\protractor\node_modules\jasminewd2\index.js:94:19)
    at attempt (C:\Users\raghavendc\AppData\Roaming\npm\node_modules\protractor\node_modules\jasmine-core\lib\jasmine-core\jasmine.js:4297:26)
    at QueueRunner.run (C:\Users\raghavendc\AppData\Roaming\npm\node_modules\protractor\node_modules\jasmine-core\lib\jasmine-core\jasmine.js:4217:20)
    at QueueRunner.execute (C:\Users\raghavendc\AppData\Roaming\npm\node_modules\protractor\node_modules\jasmine-core\lib\jasmine-core\jasmine.js:4199:10)
    at Spec.queueRunnerFactory (C:\Users\raghavendc\AppData\Roaming\npm\node_modules\protractor\node_modules\jasmine-core\lib\jasmine-core\jasmine.js:909:35)
    at Spec.execute (C:\Users\raghavendc\AppData\Roaming\npm\node_modules\protractor\node_modules\jasmine-core\lib\jasmine-core\jasmine.js:526:10)
    at UserContext.fn (C:\Users\raghavendc\AppData\Roaming\npm\node_modules\protractor\node_modules\jasmine-core\lib\jasmine-core\jasmine.js:5340:37)
    at attempt (C:\Users\raghavendc\AppData\Roaming\npm\node_modules\protractor\node_modules\jasmine-core\lib\jasmine-core\jasmine.js:4297:26)
    at QueueRunner.run (C:\Users\raghavendc\AppData\Roaming\npm\node_modules\protractor\node_modules\jasmine-core\lib\jasmine-core\jasmine.js:4217:20)
    at runNext (C:\Users\raghavendc\AppData\Roaming\npm\node_modules\protractor\node_modules\jasmine-core\lib\jasmine-core\jasmine.js:4257:20)
From asynchronous test: 
Error
    at Suite.<anonymous> (C:\Users\raghavendc\Desktop\Projects\ProtractorDemo\tests\calculator.js:27:5)
    at addSpecsToSuite (C:\Users\raghavendc\AppData\Roaming\npm\node_modules\protractor\node_modules\jasmine-core\lib\jasmine-core\jasmine.js:1107:25)
    at Env.describe (C:\Users\raghavendc\AppData\Roaming\npm\node_modules\protractor\node_modules\jasmine-core\lib\jasmine-core\jasmine.js:1074:7)
    at describe (C:\Users\raghavendc\AppData\Roaming\npm\node_modules\protractor\node_modules\jasmine-core\lib\jasmine-core\jasmine.js:4399:18)
    at Object.<anonymous> (C:\Users\raghavendc\Desktop\Projects\ProtractorDemo\tests\calculator.js:3:1)
    at Module._compile (internal/modules/cjs/loader.js:778:30)
    at Object.Module._extensions..js (internal/modules/cjs/loader.js:789:10)
    at Module.load (internal/modules/cjs/loader.js:653:32)
    at tryModuleLoad (internal/modules/cjs/loader.js:593:12)]]>
   </failure>
  </testcase>
 </testsuite>
</testsuites>